Vivado Simulator 2020.2
Copyright 1986-1999, 2001-2020 Xilinx, Inc. All Rights Reserved.
Running: C:/Programs/Xilinx/Vivado/2020.2/bin/unwrapped/win64.o/xelab.exe -wto 0a112263e3fe411d87d9a8d6e02bd297 --incr --debug typical --relax --mt 2 -L xil_defaultlib -L secureip --snapshot top_level_tb_behav xil_defaultlib.top_level_tb -log elaborate.log 
Using 2 slave threads.
Starting static elaboration
Completed static elaboration
Starting simulation data flow analysis
Completed simulation data flow analysis
Time Resolution for simulation is 1ps
Compiling package std.standard
Compiling package std.textio
Compiling package ieee.std_logic_1164
Compiling architecture behavioral of entity xil_defaultlib.full_adder [full_adder_default]
Compiling architecture structure of entity xil_defaultlib.ripple_carry_adder [ripple_carry_adder_default]
Compiling architecture behavioral of entity xil_defaultlib.Compare [compare_default]
Compiling architecture behavioral of entity xil_defaultlib.two_comlpiment [two_comlpiment_default]
Compiling architecture behavioral of entity xil_defaultlib.Compare_WT [compare_wt_default]
Compiling architecture structure of entity xil_defaultlib.FourBit_FullAdder [fourbit_fulladder_default]
Compiling architecture behavioral of entity xil_defaultlib.Multiplier [multiplier_default]
Compiling architecture structure of entity xil_defaultlib.top_level_architecture [top_level_architecture_default]
Compiling architecture behavioral of entity xil_defaultlib.top_level_tb
Built simulation snapshot top_level_tb_behav
